0 info it worked if it ends with ok
1 verbose cli [ 'node',
1 verbose cli   '/usr/local/bin/npm',
1 verbose cli   'owner',
1 verbose cli   'add',
1 verbose cli   'xenomuta',
1 verbose cli   'coffee-trace' ]
2 info using npm@1.1.33
3 info using node@v0.8.1
4 verbose config file /Users/xenomuta/.npmrc
5 verbose config file /usr/local/etc/npmrc
6 verbose config file /usr/local/lib/node_modules/npm/npmrc
7 verbose owner add xenomuta to coffee-trace
8 verbose url raw /-/user/org.couchdb.user:xenomuta
9 verbose url resolving [ 'https://registry.npmjs.org/',
9 verbose url resolving   './-/user/org.couchdb.user:xenomuta' ]
10 verbose url resolved https://registry.npmjs.org/-/user/org.couchdb.user:xenomuta
11 info retry registry request attempt 1 at 15:12:00
12 http GET https://registry.npmjs.org/-/user/org.couchdb.user:xenomuta
13 http 200 https://registry.npmjs.org/-/user/org.couchdb.user:xenomuta
14 silly registry.get cb [ 200,
14 silly registry.get   { server: 'CouchDB/1.2.0 (Erlang OTP/R15B)',
14 silly registry.get     etag: '"1-bb126b4cdcb262ac447fd173357f0646"',
14 silly registry.get     date: 'Mon, 06 Aug 2012 19:12:00 GMT',
14 silly registry.get     'content-type': 'application/json',
14 silly registry.get     'content-length': '186',
14 silly registry.get     'cache-control': 'must-revalidate' } ]
15 verbose url raw coffee-trace
16 verbose url resolving [ 'https://registry.npmjs.org/', './coffee-trace' ]
17 verbose url resolved https://registry.npmjs.org/coffee-trace
18 info retry registry request attempt 1 at 15:12:00
19 http GET https://registry.npmjs.org/coffee-trace
20 http 404 https://registry.npmjs.org/coffee-trace
21 silly registry.get cb [ 404,
21 silly registry.get   { server: 'CouchDB/1.2.0 (Erlang OTP/R15B)',
21 silly registry.get     date: 'Mon, 06 Aug 2012 19:12:01 GMT',
21 silly registry.get     'content-type': 'application/json',
21 silly registry.get     'content-length': '52',
21 silly registry.get     'cache-control': 'must-revalidate' } ]
22 error owner mutate Error getting package data for coffee-trace
23 error 404 'coffee-trace' is not in the npm registry.
23 error 404 You should bug the author to publish it
23 error 404
23 error 404 Note that you can also install from a
23 error 404 tarball, folder, or http url, or git url.
24 error System Darwin 11.4.0
25 error command "node" "/usr/local/bin/npm" "owner" "add" "xenomuta" "coffee-trace"
26 error cwd /Users/xenomuta/Codigo/coffee-trace
27 error node -v v0.8.1
28 error npm -v 1.1.33
29 error code E404
30 error message 404 Not Found: coffee-trace
31 verbose exit [ 1, true ]
